2024-05-28 12:51:06,618 - INFO - Loaded configuration file
2024-05-28 12:58:25,710 - INFO - Loaded configuration file
2024-05-28 12:58:48,015 - INFO - Loaded configuration file
2024-05-28 12:58:48,016 - INFO - Assigning all config values...
2024-05-28 12:58:48,016 - INFO - Loaded env
2024-05-28 12:58:48,016 - INFO - Loaded whitelist_type
2024-05-28 12:58:48,016 - INFO - Loaded whitelist_path
2024-05-28 12:58:48,016 - INFO - Loaded base_log_dir
2024-05-28 12:58:48,016 - INFO - Loaded rcon_host
2024-05-28 12:58:48,016 - INFO - Loaded rcon_port
2024-05-28 12:58:48,016 - INFO - Loaded rcon_password
2024-05-28 12:58:48,017 - INFO - Loaded heartbeat
2024-05-28 12:58:55,630 - INFO - Loaded configuration file
2024-05-28 12:58:55,630 - INFO - Assigning all config values...
2024-05-28 12:58:55,631 - INFO - Loaded env
2024-05-28 12:58:55,631 - INFO - Loaded whitelist_type
2024-05-28 12:58:55,631 - INFO - Loaded whitelist_path
2024-05-28 12:58:55,631 - INFO - Loaded base_log_dir
2024-05-28 12:58:55,631 - INFO - Loaded rcon_host
2024-05-28 12:58:55,631 - INFO - Loaded rcon_port
2024-05-28 12:58:55,631 - INFO - Loaded rcon_password
2024-05-28 12:58:55,631 - INFO - Loaded heartbeat
2024-05-28 12:59:27,572 - INFO - Loaded configuration file
2024-05-28 13:01:22,743 - INFO - Assigning all config values...
2024-05-28 13:01:48,662 - INFO - Loaded env
2024-05-28 13:01:53,834 - INFO - Loaded whitelist_type
2024-05-28 13:01:55,468 - INFO - Loaded whitelist_path
2024-05-28 13:01:57,012 - INFO - Loaded base_log_dir
2024-05-28 13:01:58,348 - INFO - Loaded rcon_host
2024-05-28 13:01:59,867 - INFO - Loaded rcon_port
2024-05-28 13:02:01,552 - INFO - Loaded rcon_password
2024-05-28 13:02:05,061 - INFO - Loaded heartbeat
2024-05-28 13:06:47,980 - INFO - Loaded configuration file
2024-05-28 13:06:47,980 - INFO - Assigning all config values...
2024-05-28 13:06:47,980 - INFO - Loaded env
2024-05-28 13:06:47,980 - INFO - env: 
2024-05-28 13:06:47,981 - INFO - Loaded whitelist_type
2024-05-28 13:06:47,981 - INFO - whitelist_type: 
2024-05-28 13:06:47,981 - INFO - Loaded whitelist_path
2024-05-28 13:06:47,981 - INFO - whitelist_path: 
2024-05-28 13:06:47,981 - INFO - Loaded base_log_dir
2024-05-28 13:06:47,981 - INFO - base_log_dir: 
2024-05-28 13:06:47,981 - INFO - Loaded rcon_host
2024-05-28 13:06:47,981 - INFO - rcon_host: 
2024-05-28 13:06:47,981 - INFO - Loaded rcon_port
2024-05-28 13:06:47,981 - INFO - rcon_port: 
2024-05-28 13:06:47,982 - INFO - Loaded rcon_password
2024-05-28 13:06:47,982 - INFO - rcon_password: 
2024-05-28 13:06:47,982 - INFO - Loaded heartbeat
2024-05-28 13:06:47,982 - INFO - heartbeat: 
